Analysis & Synthesis report for matchstickgame
Mon Sep 07 06:26:16 2020
Quartus Prime Version 18.0.0 Build 614 04/24/2018 SJ Lite Edition


---------------------
; Table of Contents ;
---------------------
  1. Legal Notice
  2. Analysis & Synthesis Summary
  3. Analysis & Synthesis Settings
  4. Parallel Compilation
  5. Analysis & Synthesis Source Files Read
  6. Analysis & Synthesis Resource Usage Summary
  7. Analysis & Synthesis Resource Utilization by Entity
  8. State Machine - |main|state
  9. Registers Removed During Synthesis
 10. Removed Registers Triggering Further Register Optimizations
 11. General Register Statistics
 12. Inverted Register Statistics
 13. Multiplexer Restructuring Statistics (Restructuring Performed)
 14. Parameter Settings for Inferred Entity Instance: lpm_divide:Div0
 15. Parameter Settings for Inferred Entity Instance: lpm_divide:Div1
 16. Parameter Settings for Inferred Entity Instance: lpm_divide:Mod1
 17. Parameter Settings for Inferred Entity Instance: lpm_divide:Mod0
 18. Parameter Settings for Inferred Entity Instance: lpm_mult:Mult0
 19. lpm_mult Parameter Settings by Entity Instance
 20. Post-Synthesis Netlist Statistics for Top Partition
 21. Elapsed Time Per Partition
 22. Analysis & Synthesis Messages
 23. Analysis & Synthesis Suppressed Messages



----------------
; Legal Notice ;
----------------
Copyright (C) 2018  Intel Corporation. All rights reserved.
Your use of Intel Corporation's design tools, logic functions 
and other software and tools, and its AMPP partner logic 
functions, and any output files from any of the foregoing 
(including device programming or simulation files), and any 
associated documentation or information are expressly subject 
to the terms and conditions of the Intel Program License 
Subscription Agreement, the Intel Quartus Prime License Agreement,
the Intel FPGA IP License Agreement, or other applicable license
agreement, including, without limitation, that your use is for
the sole purpose of programming logic devices manufactured by
Intel and sold by Intel or its authorized distributors.  Please
refer to the applicable agreement for further details.



+----------------------------------------------------------------------------------+
; Analysis & Synthesis Summary                                                     ;
+------------------------------------+---------------------------------------------+
; Analysis & Synthesis Status        ; Successful - Mon Sep 07 06:26:16 2020       ;
; Quartus Prime Version              ; 18.0.0 Build 614 04/24/2018 SJ Lite Edition ;
; Revision Name                      ; matchstickgame                              ;
; Top-level Entity Name              ; main                                        ;
; Family                             ; Cyclone IV E                                ;
; Total logic elements               ; 867                                         ;
;     Total combinational functions  ; 793                                         ;
;     Dedicated logic registers      ; 162                                         ;
; Total registers                    ; 162                                         ;
; Total pins                         ; 24                                          ;
; Total virtual pins                 ; 0                                           ;
; Total memory bits                  ; 0                                           ;
; Embedded Multiplier 9-bit elements ; 0                                           ;
; Total PLLs                         ; 0                                           ;
+------------------------------------+---------------------------------------------+


+------------------------------------------------------------------------------------------------------------+
; Analysis & Synthesis Settings                                                                              ;
+------------------------------------------------------------------+--------------------+--------------------+
; Option                                                           ; Setting            ; Default Value      ;
+------------------------------------------------------------------+--------------------+--------------------+
; Device                                                           ; EP4CE22F17C6       ;                    ;
; Top-level entity name                                            ; main               ; matchstickgame     ;
; Family name                                                      ; Cyclone IV E       ; Cyclone V          ;
; Use smart compilation                                            ; Off                ; Off                ;
; Enable parallel Assembler and Timing Analyzer during compilation ; On                 ; On                 ;
; Enable compact report table                                      ; Off                ; Off                ;
; Restructure Multiplexers                                         ; Auto               ; Auto               ;
; Create Debugging Nodes for IP Cores                              ; Off                ; Off                ;
; Preserve fewer node names                                        ; On                 ; On                 ;
; Intel FPGA IP Evaluation Mode                                    ; Enable             ; Enable             ;
; Verilog Version                                                  ; Verilog_2001       ; Verilog_2001       ;
; VHDL Version                                                     ; VHDL_1993          ; VHDL_1993          ;
; State Machine Processing                                         ; Auto               ; Auto               ;
; Safe State Machine                                               ; Off                ; Off                ;
; Extract Verilog State Machines                                   ; On                 ; On                 ;
; Extract VHDL State Machines                                      ; On                 ; On                 ;
; Ignore Verilog initial constructs                                ; Off                ; Off                ;
; Iteration limit for constant Verilog loops                       ; 5000               ; 5000               ;
; Iteration limit for non-constant Verilog loops                   ; 250                ; 250                ;
; Add Pass-Through Logic to Inferred RAMs                          ; On                 ; On                 ;
; Infer RAMs from Raw Logic                                        ; On                 ; On                 ;
; Parallel Synthesis                                               ; On                 ; On                 ;
; DSP Block Balancing                                              ; Auto               ; Auto               ;
; NOT Gate Push-Back                                               ; On                 ; On                 ;
; Power-Up Don't Care                                              ; On                 ; On                 ;
; Remove Redundant Logic Cells                                     ; Off                ; Off                ;
; Remove Duplicate Registers                                       ; On                 ; On                 ;
; Ignore CARRY Buffers                                             ; Off                ; Off                ;
; Ignore CASCADE Buffers                                           ; Off                ; Off                ;
; Ignore GLOBAL Buffers                                            ; Off                ; Off                ;
; Ignore ROW GLOBAL Buffers                                        ; Off                ; Off                ;
; Ignore LCELL Buffers                                             ; Off                ; Off                ;
; Ignore SOFT Buffers                                              ; On                 ; On                 ;
; Limit AHDL Integers to 32 Bits                                   ; Off                ; Off                ;
; Optimization Technique                                           ; Balanced           ; Balanced           ;
; Carry Chain Length                                               ; 70                 ; 70                 ;
; Auto Carry Chains                                                ; On                 ; On                 ;
; Auto Open-Drain Pins                                             ; On                 ; On                 ;
; Perform WYSIWYG Primitive Resynthesis                            ; Off                ; Off                ;
; Auto ROM Replacement                                             ; On                 ; On                 ;
; Auto RAM Replacement                                             ; On                 ; On                 ;
; Auto DSP Block Replacement                                       ; On                 ; On                 ;
; Auto Shift Register Replacement                                  ; Auto               ; Auto               ;
; Allow Shift Register Merging across Hierarchies                  ; Auto               ; Auto               ;
; Auto Clock Enable Replacement                                    ; On                 ; On                 ;
; Strict RAM Replacement                                           ; Off                ; Off                ;
; Allow Synchronous Control Signals                                ; On                 ; On                 ;
; Force Use of Synchronous Clear Signals                           ; Off                ; Off                ;
; Auto RAM Block Balancing                                         ; On                 ; On                 ;
; Auto RAM to Logic Cell Conversion                                ; Off                ; Off                ;
; Auto Resource Sharing                                            ; Off                ; Off                ;
; Allow Any RAM Size For Recognition                               ; Off                ; Off                ;
; Allow Any ROM Size For Recognition                               ; Off                ; Off                ;
; Allow Any Shift Register Size For Recognition                    ; Off                ; Off                ;
; Use LogicLock Constraints during Resource Balancing              ; On                 ; On                 ;
; Ignore translate_off and synthesis_off directives                ; Off                ; Off                ;
; Timing-Driven Synthesis                                          ; On                 ; On                 ;
; Report Parameter Settings                                        ; On                 ; On                 ;
; Report Source Assignments                                        ; On                 ; On                 ;
; Report Connectivity Checks                                       ; On                 ; On                 ;
; Ignore Maximum Fan-Out Assignments                               ; Off                ; Off                ;
; Synchronization Register Chain Length                            ; 2                  ; 2                  ;
; Power Optimization During Synthesis                              ; Normal compilation ; Normal compilation ;
; HDL message level                                                ; Level2             ; Level2             ;
; Suppress Register Optimization Related Messages                  ; Off                ; Off                ;
; Number of Removed Registers Reported in Synthesis Report         ; 5000               ; 5000               ;
; Number of Swept Nodes Reported in Synthesis Report               ; 5000               ; 5000               ;
; Number of Inverted Registers Reported in Synthesis Report        ; 100                ; 100                ;
; Clock MUX Protection                                             ; On                 ; On                 ;
; Auto Gated Clock Conversion                                      ; Off                ; Off                ;
; Block Design Naming                                              ; Auto               ; Auto               ;
; SDC constraint protection                                        ; Off                ; Off                ;
; Synthesis Effort                                                 ; Auto               ; Auto               ;
; Shift Register Replacement - Allow Asynchronous Clear Signal     ; On                 ; On                 ;
; Pre-Mapping Resynthesis Optimization                             ; Off                ; Off                ;
; Analysis & Synthesis Message Level                               ; Medium             ; Medium             ;
; Disable Register Merging Across Hierarchies                      ; Auto               ; Auto               ;
; Resource Aware Inference For Block RAM                           ; On                 ; On                 ;
+------------------------------------------------------------------+--------------------+--------------------+


+------------------------------------------+
; Parallel Compilation                     ;
+----------------------------+-------------+
; Processors                 ; Number      ;
+----------------------------+-------------+
; Number detected on machine ; 8           ;
; Maximum allowed            ; 4           ;
;                            ;             ;
; Average used               ; 1.00        ;
; Maximum used               ; 4           ;
;                            ;             ;
; Usage by Processor         ; % Time Used ;
;     Processor 1            ; 100.0%      ;
;     Processor 2            ;   0.0%      ;
;     Processors 3-4         ;   0.0%      ;
+----------------------------+-------------+


+--------------------------------------------------------------------------------------------------------------------------------------------------------------------------+
; Analysis & Synthesis Source Files Read                                                                                                                                   ;
+----------------------------------+-----------------+------------------------------+----------------------------------------------------------------------------+---------+
; File Name with User-Entered Path ; Used in Netlist ; File Type                    ; File Name with Absolute Path                                               ; Library ;
+----------------------------------+-----------------+------------------------------+----------------------------------------------------------------------------+---------+
; keypad_ex.v                      ; yes             ; User Verilog HDL File        ; C:/intelFPGA_lite/18.0/FPGACodes/matchstickgame/keypad_ex.v                ;         ;
; sevensegment.v                   ; yes             ; User Verilog HDL File        ; C:/intelFPGA_lite/18.0/FPGACodes/matchstickgame/sevensegment.v             ;         ;
; main.v                           ; yes             ; User Verilog HDL File        ; C:/intelFPGA_lite/18.0/FPGACodes/matchstickgame/main.v                     ;         ;
; lpm_divide.tdf                   ; yes             ; Megafunction                 ; c:/intelfpga_lite/18.0/quartus/libraries/megafunctions/lpm_divide.tdf      ;         ;
; abs_divider.inc                  ; yes             ; Megafunction                 ; c:/intelfpga_lite/18.0/quartus/libraries/megafunctions/abs_divider.inc     ;         ;
; sign_div_unsign.inc              ; yes             ; Megafunction                 ; c:/intelfpga_lite/18.0/quartus/libraries/megafunctions/sign_div_unsign.inc ;         ;
; aglobal180.inc                   ; yes             ; Megafunction                 ; c:/intelfpga_lite/18.0/quartus/libraries/megafunctions/aglobal180.inc      ;         ;
; db/lpm_divide_vim.tdf            ; yes             ; Auto-Generated Megafunction  ; C:/intelFPGA_lite/18.0/FPGACodes/matchstickgame/db/lpm_divide_vim.tdf      ;         ;
; db/sign_div_unsign_nlh.tdf       ; yes             ; Auto-Generated Megafunction  ; C:/intelFPGA_lite/18.0/FPGACodes/matchstickgame/db/sign_div_unsign_nlh.tdf ;         ;
; db/alt_u_div_27f.tdf             ; yes             ; Auto-Generated Megafunction  ; C:/intelFPGA_lite/18.0/FPGACodes/matchstickgame/db/alt_u_div_27f.tdf       ;         ;
; db/add_sub_7pc.tdf               ; yes             ; Auto-Generated Megafunction  ; C:/intelFPGA_lite/18.0/FPGACodes/matchstickgame/db/add_sub_7pc.tdf         ;         ;
; db/add_sub_8pc.tdf               ; yes             ; Auto-Generated Megafunction  ; C:/intelFPGA_lite/18.0/FPGACodes/matchstickgame/db/add_sub_8pc.tdf         ;         ;
; db/lpm_divide_3jm.tdf            ; yes             ; Auto-Generated Megafunction  ; C:/intelFPGA_lite/18.0/FPGACodes/matchstickgame/db/lpm_divide_3jm.tdf      ;         ;
; db/sign_div_unsign_qlh.tdf       ; yes             ; Auto-Generated Megafunction  ; C:/intelFPGA_lite/18.0/FPGACodes/matchstickgame/db/sign_div_unsign_qlh.tdf ;         ;
; db/alt_u_div_87f.tdf             ; yes             ; Auto-Generated Megafunction  ; C:/intelFPGA_lite/18.0/FPGACodes/matchstickgame/db/alt_u_div_87f.tdf       ;         ;
; db/lpm_divide_5bm.tdf            ; yes             ; Auto-Generated Megafunction  ; C:/intelFPGA_lite/18.0/FPGACodes/matchstickgame/db/lpm_divide_5bm.tdf      ;         ;
; db/lpm_divide_2bm.tdf            ; yes             ; Auto-Generated Megafunction  ; C:/intelFPGA_lite/18.0/FPGACodes/matchstickgame/db/lpm_divide_2bm.tdf      ;         ;
; lpm_mult.tdf                     ; yes             ; Megafunction                 ; c:/intelfpga_lite/18.0/quartus/libraries/megafunctions/lpm_mult.tdf        ;         ;
; lpm_add_sub.inc                  ; yes             ; Megafunction                 ; c:/intelfpga_lite/18.0/quartus/libraries/megafunctions/lpm_add_sub.inc     ;         ;
; multcore.inc                     ; yes             ; Megafunction                 ; c:/intelfpga_lite/18.0/quartus/libraries/megafunctions/multcore.inc        ;         ;
; bypassff.inc                     ; yes             ; Megafunction                 ; c:/intelfpga_lite/18.0/quartus/libraries/megafunctions/bypassff.inc        ;         ;
; altshift.inc                     ; yes             ; Megafunction                 ; c:/intelfpga_lite/18.0/quartus/libraries/megafunctions/altshift.inc        ;         ;
; multcore.tdf                     ; yes             ; Megafunction                 ; c:/intelfpga_lite/18.0/quartus/libraries/megafunctions/multcore.tdf        ;         ;
; csa_add.inc                      ; yes             ; Megafunction                 ; c:/intelfpga_lite/18.0/quartus/libraries/megafunctions/csa_add.inc         ;         ;
; mpar_add.inc                     ; yes             ; Megafunction                 ; c:/intelfpga_lite/18.0/quartus/libraries/megafunctions/mpar_add.inc        ;         ;
; muleabz.inc                      ; yes             ; Megafunction                 ; c:/intelfpga_lite/18.0/quartus/libraries/megafunctions/muleabz.inc         ;         ;
; mul_lfrg.inc                     ; yes             ; Megafunction                 ; c:/intelfpga_lite/18.0/quartus/libraries/megafunctions/mul_lfrg.inc        ;         ;
; mul_boothc.inc                   ; yes             ; Megafunction                 ; c:/intelfpga_lite/18.0/quartus/libraries/megafunctions/mul_boothc.inc      ;         ;
; alt_ded_mult.inc                 ; yes             ; Megafunction                 ; c:/intelfpga_lite/18.0/quartus/libraries/megafunctions/alt_ded_mult.inc    ;         ;
; alt_ded_mult_y.inc               ; yes             ; Megafunction                 ; c:/intelfpga_lite/18.0/quartus/libraries/megafunctions/alt_ded_mult_y.inc  ;         ;
; dffpipe.inc                      ; yes             ; Megafunction                 ; c:/intelfpga_lite/18.0/quartus/libraries/megafunctions/dffpipe.inc         ;         ;
; mpar_add.tdf                     ; yes             ; Megafunction                 ; c:/intelfpga_lite/18.0/quartus/libraries/megafunctions/mpar_add.tdf        ;         ;
; altshift.tdf                     ; yes             ; Megafunction                 ; c:/intelfpga_lite/18.0/quartus/libraries/megafunctions/altshift.tdf        ;         ;
+----------------------------------+-----------------+------------------------------+----------------------------------------------------------------------------+---------+


+---------------------------------------------------------+
; Analysis & Synthesis Resource Usage Summary             ;
+---------------------------------------------+-----------+
; Resource                                    ; Usage     ;
+---------------------------------------------+-----------+
; Estimated Total logic elements              ; 867       ;
;                                             ;           ;
; Total combinational functions               ; 793       ;
; Logic element usage by number of LUT inputs ;           ;
;     -- 4 input functions                    ; 198       ;
;     -- 3 input functions                    ; 220       ;
;     -- <=2 input functions                  ; 375       ;
;                                             ;           ;
; Logic elements by mode                      ;           ;
;     -- normal mode                          ; 556       ;
;     -- arithmetic mode                      ; 237       ;
;                                             ;           ;
; Total registers                             ; 162       ;
;     -- Dedicated logic registers            ; 162       ;
;     -- I/O registers                        ; 0         ;
;                                             ;           ;
; I/O pins                                    ; 24        ;
;                                             ;           ;
; Embedded Multiplier 9-bit elements          ; 0         ;
;                                             ;           ;
; Maximum fan-out node                        ; clk~input ;
; Maximum fan-out                             ; 80        ;
; Total fan-out                               ; 2554      ;
; Average fan-out                             ; 2.55      ;
+---------------------------------------------+-----------+


+----------------------------------------------------------------------------------------------------------------------------------------------------------------------------------------------------------------------------------------------------------------------------------------------------------------+
; Analysis & Synthesis Resource Utilization by Entity                                                                                                                                                                                                                                                            ;
+----------------------------------------+---------------------+---------------------------+-------------+--------------+---------+-----------+------+--------------+-------------------------------------------------------------------------------------------------------+---------------------+--------------+
; Compilation Hierarchy Node             ; Combinational ALUTs ; Dedicated Logic Registers ; Memory Bits ; DSP Elements ; DSP 9x9 ; DSP 18x18 ; Pins ; Virtual Pins ; Full Hierarchy Name                                                                                   ; Entity Name         ; Library Name ;
+----------------------------------------+---------------------+---------------------------+-------------+--------------+---------+-----------+------+--------------+-------------------------------------------------------------------------------------------------------+---------------------+--------------+
; |main                                  ; 793 (128)           ; 162 (42)                  ; 0           ; 0            ; 0       ; 0         ; 24   ; 0            ; |main                                                                                                 ; main                ; work         ;
;    |keypad_ex:kp1|                     ; 85 (85)             ; 99 (99)                   ; 0           ; 0            ; 0       ; 0         ; 0    ; 0            ; |main|keypad_ex:kp1                                                                                   ; keypad_ex           ; work         ;
;    |lpm_divide:Div0|                   ; 109 (0)             ; 0 (0)                     ; 0           ; 0            ; 0       ; 0         ; 0    ; 0            ; |main|lpm_divide:Div0                                                                                 ; lpm_divide          ; work         ;
;       |lpm_divide_vim:auto_generated|  ; 109 (0)             ; 0 (0)                     ; 0           ; 0            ; 0       ; 0         ; 0    ; 0            ; |main|lpm_divide:Div0|lpm_divide_vim:auto_generated                                                   ; lpm_divide_vim      ; work         ;
;          |sign_div_unsign_nlh:divider| ; 109 (0)             ; 0 (0)                     ; 0           ; 0            ; 0       ; 0         ; 0    ; 0            ; |main|lpm_divide:Div0|lpm_divide_vim:auto_generated|sign_div_unsign_nlh:divider                       ; sign_div_unsign_nlh ; work         ;
;             |alt_u_div_27f:divider|    ; 109 (109)           ; 0 (0)                     ; 0           ; 0            ; 0       ; 0         ; 0    ; 0            ; |main|lpm_divide:Div0|lpm_divide_vim:auto_generated|sign_div_unsign_nlh:divider|alt_u_div_27f:divider ; alt_u_div_27f       ; work         ;
;    |lpm_divide:Div1|                   ; 160 (0)             ; 0 (0)                     ; 0           ; 0            ; 0       ; 0         ; 0    ; 0            ; |main|lpm_divide:Div1                                                                                 ; lpm_divide          ; work         ;
;       |lpm_divide_3jm:auto_generated|  ; 160 (0)             ; 0 (0)                     ; 0           ; 0            ; 0       ; 0         ; 0    ; 0            ; |main|lpm_divide:Div1|lpm_divide_3jm:auto_generated                                                   ; lpm_divide_3jm      ; work         ;
;          |sign_div_unsign_qlh:divider| ; 160 (0)             ; 0 (0)                     ; 0           ; 0            ; 0       ; 0         ; 0    ; 0            ; |main|lpm_divide:Div1|lpm_divide_3jm:auto_generated|sign_div_unsign_qlh:divider                       ; sign_div_unsign_qlh ; work         ;
;             |alt_u_div_87f:divider|    ; 160 (160)           ; 0 (0)                     ; 0           ; 0            ; 0       ; 0         ; 0    ; 0            ; |main|lpm_divide:Div1|lpm_divide_3jm:auto_generated|sign_div_unsign_qlh:divider|alt_u_div_87f:divider ; alt_u_div_87f       ; work         ;
;    |lpm_divide:Mod0|                   ; 110 (0)             ; 0 (0)                     ; 0           ; 0            ; 0       ; 0         ; 0    ; 0            ; |main|lpm_divide:Mod0                                                                                 ; lpm_divide          ; work         ;
;       |lpm_divide_2bm:auto_generated|  ; 110 (0)             ; 0 (0)                     ; 0           ; 0            ; 0       ; 0         ; 0    ; 0            ; |main|lpm_divide:Mod0|lpm_divide_2bm:auto_generated                                                   ; lpm_divide_2bm      ; work         ;
;          |sign_div_unsign_nlh:divider| ; 110 (0)             ; 0 (0)                     ; 0           ; 0            ; 0       ; 0         ; 0    ; 0            ; |main|lpm_divide:Mod0|lpm_divide_2bm:auto_generated|sign_div_unsign_nlh:divider                       ; sign_div_unsign_nlh ; work         ;
;             |alt_u_div_27f:divider|    ; 110 (110)           ; 0 (0)                     ; 0           ; 0            ; 0       ; 0         ; 0    ; 0            ; |main|lpm_divide:Mod0|lpm_divide_2bm:auto_generated|sign_div_unsign_nlh:divider|alt_u_div_27f:divider ; alt_u_div_27f       ; work         ;
;    |lpm_divide:Mod1|                   ; 161 (0)             ; 0 (0)                     ; 0           ; 0            ; 0       ; 0         ; 0    ; 0            ; |main|lpm_divide:Mod1                                                                                 ; lpm_divide          ; work         ;
;       |lpm_divide_5bm:auto_generated|  ; 161 (0)             ; 0 (0)                     ; 0           ; 0            ; 0       ; 0         ; 0    ; 0            ; |main|lpm_divide:Mod1|lpm_divide_5bm:auto_generated                                                   ; lpm_divide_5bm      ; work         ;
;          |sign_div_unsign_qlh:divider| ; 161 (0)             ; 0 (0)                     ; 0           ; 0            ; 0       ; 0         ; 0    ; 0            ; |main|lpm_divide:Mod1|lpm_divide_5bm:auto_generated|sign_div_unsign_qlh:divider                       ; sign_div_unsign_qlh ; work         ;
;             |alt_u_div_87f:divider|    ; 161 (161)           ; 0 (0)                     ; 0           ; 0            ; 0       ; 0         ; 0    ; 0            ; |main|lpm_divide:Mod1|lpm_divide_5bm:auto_generated|sign_div_unsign_qlh:divider|alt_u_div_87f:divider ; alt_u_div_87f       ; work         ;
;    |lpm_mult:Mult0|                    ; 6 (0)               ; 0 (0)                     ; 0           ; 0            ; 0       ; 0         ; 0    ; 0            ; |main|lpm_mult:Mult0                                                                                  ; lpm_mult            ; work         ;
;       |multcore:mult_core|             ; 6 (6)               ; 0 (0)                     ; 0           ; 0            ; 0       ; 0         ; 0    ; 0            ; |main|lpm_mult:Mult0|multcore:mult_core                                                               ; multcore            ; work         ;
;    |sevensegment:ss1|                  ; 34 (34)             ; 21 (21)                   ; 0           ; 0            ; 0       ; 0         ; 0    ; 0            ; |main|sevensegment:ss1                                                                                ; sevensegment        ; work         ;
+----------------------------------------+---------------------+---------------------------+-------------+--------------+---------+-----------+------+--------------+-------------------------------------------------------------------------------------------------------+---------------------+--------------+
Note: For table entries with two numbers listed, the numbers in parentheses indicate the number of resources of the given type used by the specific entity alone. The numbers listed outside of parentheses indicate the total resources of the given type used by the specific entity and all of its sub-entities in the hierarchy.


Encoding Type:  One-Hot
+----------------------------------------------------------------------+
; State Machine - |main|state                                          ;
+--------------+----------+--------------+--------------+--------------+
; Name         ; state.11 ; state.STATE3 ; state.STATE2 ; state.STATE1 ;
+--------------+----------+--------------+--------------+--------------+
; state.STATE1 ; 0        ; 0            ; 0            ; 0            ;
; state.STATE2 ; 0        ; 0            ; 1            ; 1            ;
; state.STATE3 ; 0        ; 1            ; 0            ; 1            ;
; state.11     ; 1        ; 0            ; 0            ; 1            ;
+--------------+----------+--------------+--------------+--------------+


+---------------------------------------------------------------------------------+
; Registers Removed During Synthesis                                              ;
+----------------------------------------+----------------------------------------+
; Register name                          ; Reason for Removal                     ;
+----------------------------------------+----------------------------------------+
; enteredNumber[4]                       ; Stuck at GND due to stuck port data_in ;
; sevensegment:ss1|clk1[0]               ; Merged with keypad_ex:kp1|clk1[0]      ;
; enteredNumber[2,3]                     ; Stuck at GND due to stuck port data_in ;
; state~6                                ; Lost fanout                            ;
; state~7                                ; Lost fanout                            ;
; keypad_ex:kp1|clk1[16..25]             ; Lost fanout                            ;
; sevensegment:ss1|clk1[16..25]          ; Lost fanout                            ;
; Total Number of Removed Registers = 26 ;                                        ;
+----------------------------------------+----------------------------------------+


+---------------------------------------------------------------------------------------+
; Removed Registers Triggering Further Register Optimizations                           ;
+------------------+---------------------------+----------------------------------------+
; Register name    ; Reason for Removal        ; Registers Removed due to This Register ;
+------------------+---------------------------+----------------------------------------+
; enteredNumber[4] ; Stuck at GND              ; enteredNumber[3], enteredNumber[2]     ;
;                  ; due to stuck port data_in ;                                        ;
+------------------+---------------------------+----------------------------------------+


+------------------------------------------------------+
; General Register Statistics                          ;
+----------------------------------------------+-------+
; Statistic                                    ; Value ;
+----------------------------------------------+-------+
; Total registers                              ; 162   ;
; Number of registers using Synchronous Clear  ; 4     ;
; Number of registers using Synchronous Load   ; 14    ;
; Number of registers using Asynchronous Clear ; 0     ;
; Number of registers using Asynchronous Load  ; 0     ;
; Number of registers using Clock Enable       ; 58    ;
; Number of registers using Preset             ; 0     ;
+----------------------------------------------+-------+


+--------------------------------------------------+
; Inverted Register Statistics                     ;
+----------------------------------------+---------+
; Inverted Register                      ; Fan out ;
+----------------------------------------+---------+
; keypad_ex:kp1|rowwrite[1]              ; 6       ;
; keypad_ex:kp1|rowwrite[2]              ; 6       ;
; keypad_ex:kp1|rowwrite[3]              ; 6       ;
; sevensegment:ss1|grounds[0]            ; 2       ;
; sevensegment:ss1|grounds[1]            ; 2       ;
; sevensegment:ss1|grounds[2]            ; 2       ;
; Total number of inverted registers = 6 ;         ;
+----------------------------------------+---------+


+-------------------------------------------------------------------------------------------------------------------------------------------+
; Multiplexer Restructuring Statistics (Restructuring Performed)                                                                            ;
+--------------------+-----------+---------------+----------------------+------------------------+------------+-----------------------------+
; Multiplexer Inputs ; Bus Width ; Baseline Area ; Area if Restructured ; Saving if Restructured ; Registered ; Example Multiplexer Output  ;
+--------------------+-----------+---------------+----------------------+------------------------+------------+-----------------------------+
; 3:1                ; 4 bits    ; 8 LEs         ; 4 LEs                ; 4 LEs                  ; Yes        ; |main|enteredNumber[3]      ;
; 5:1                ; 4 bits    ; 12 LEs        ; 4 LEs                ; 8 LEs                  ; Yes        ; |main|matchsticks[14]       ;
; 5:1                ; 12 bits   ; 36 LEs        ; 12 LEs               ; 24 LEs                 ; Yes        ; |main|matchsticks[7]        ;
; 8:1                ; 4 bits    ; 20 LEs        ; 4 LEs                ; 16 LEs                 ; Yes        ; |main|data_all[14]          ;
; 8:1                ; 6 bits    ; 30 LEs        ; 12 LEs               ; 18 LEs                 ; Yes        ; |main|data_all[6]           ;
; 8:1                ; 2 bits    ; 10 LEs        ; 4 LEs                ; 6 LEs                  ; Yes        ; |main|data_all[1]           ;
; 8:1                ; 4 bits    ; 20 LEs        ; 4 LEs                ; 16 LEs                 ; Yes        ; |main|data_all[9]           ;
; 4:1                ; 4 bits    ; 8 LEs         ; 8 LEs                ; 0 LEs                  ; No         ; |main|sevensegment:ss1|Mux3 ;
; 8:1                ; 2 bits    ; 10 LEs        ; 4 LEs                ; 6 LEs                  ; No         ; |main|Selector19            ;
; 8:1                ; 2 bits    ; 10 LEs        ; 6 LEs                ; 4 LEs                  ; No         ; |main|Selector18            ;
+--------------------+-----------+---------------+----------------------+------------------------+------------+-----------------------------+


+------------------------------------------------------------------+
; Parameter Settings for Inferred Entity Instance: lpm_divide:Div0 ;
+------------------------+----------------+------------------------+
; Parameter Name         ; Value          ; Type                   ;
+------------------------+----------------+------------------------+
; LPM_WIDTHN             ; 13             ; Untyped                ;
; LPM_WIDTHD             ; 4              ; Untyped                ;
; LPM_NREPRESENTATION    ; UNSIGNED       ; Untyped                ;
; LPM_DREPRESENTATION    ; UNSIGNED       ; Untyped                ;
; LPM_PIPELINE           ; 0              ; Untyped                ;
; LPM_REMAINDERPOSITIVE  ; TRUE           ; Untyped                ;
; MAXIMIZE_SPEED         ; 5              ; Untyped                ;
; CBXI_PARAMETER         ; lpm_divide_vim ; Untyped                ;
; CARRY_CHAIN            ; MANUAL         ; Untyped                ;
; OPTIMIZE_FOR_SPEED     ; 5              ; Untyped                ;
; AUTO_CARRY_CHAINS      ; ON             ; AUTO_CARRY             ;
; IGNORE_CARRY_BUFFERS   ; OFF            ; IGNORE_CARRY           ;
; AUTO_CASCADE_CHAINS    ; ON             ; AUTO_CASCADE           ;
; IGNORE_CASCADE_BUFFERS ; OFF            ; IGNORE_CASCADE         ;
+------------------------+----------------+------------------------+
Note: In order to hide this table in the UI and the text report file, please set the "Show Parameter Settings in Synthesis Report" option in "Analysis and Synthesis Settings -> More Settings" to "Off".


+------------------------------------------------------------------+
; Parameter Settings for Inferred Entity Instance: lpm_divide:Div1 ;
+------------------------+----------------+------------------------+
; Parameter Name         ; Value          ; Type                   ;
+------------------------+----------------+------------------------+
; LPM_WIDTHN             ; 16             ; Untyped                ;
; LPM_WIDTHD             ; 4              ; Untyped                ;
; LPM_NREPRESENTATION    ; UNSIGNED       ; Untyped                ;
; LPM_DREPRESENTATION    ; UNSIGNED       ; Untyped                ;
; LPM_PIPELINE           ; 0              ; Untyped                ;
; LPM_REMAINDERPOSITIVE  ; TRUE           ; Untyped                ;
; MAXIMIZE_SPEED         ; 5              ; Untyped                ;
; CBXI_PARAMETER         ; lpm_divide_3jm ; Untyped                ;
; CARRY_CHAIN            ; MANUAL         ; Untyped                ;
; OPTIMIZE_FOR_SPEED     ; 5              ; Untyped                ;
; AUTO_CARRY_CHAINS      ; ON             ; AUTO_CARRY             ;
; IGNORE_CARRY_BUFFERS   ; OFF            ; IGNORE_CARRY           ;
; AUTO_CASCADE_CHAINS    ; ON             ; AUTO_CASCADE           ;
; IGNORE_CASCADE_BUFFERS ; OFF            ; IGNORE_CASCADE         ;
+------------------------+----------------+------------------------+
Note: In order to hide this table in the UI and the text report file, please set the "Show Parameter Settings in Synthesis Report" option in "Analysis and Synthesis Settings -> More Settings" to "Off".


+------------------------------------------------------------------+
; Parameter Settings for Inferred Entity Instance: lpm_divide:Mod1 ;
+------------------------+----------------+------------------------+
; Parameter Name         ; Value          ; Type                   ;
+------------------------+----------------+------------------------+
; LPM_WIDTHN             ; 16             ; Untyped                ;
; LPM_WIDTHD             ; 4              ; Untyped                ;
; LPM_NREPRESENTATION    ; UNSIGNED       ; Untyped                ;
; LPM_DREPRESENTATION    ; UNSIGNED       ; Untyped                ;
; LPM_PIPELINE           ; 0              ; Untyped                ;
; LPM_REMAINDERPOSITIVE  ; TRUE           ; Untyped                ;
; MAXIMIZE_SPEED         ; 5              ; Untyped                ;
; CBXI_PARAMETER         ; lpm_divide_5bm ; Untyped                ;
; CARRY_CHAIN            ; MANUAL         ; Untyped                ;
; OPTIMIZE_FOR_SPEED     ; 5              ; Untyped                ;
; AUTO_CARRY_CHAINS      ; ON             ; AUTO_CARRY             ;
; IGNORE_CARRY_BUFFERS   ; OFF            ; IGNORE_CARRY           ;
; AUTO_CASCADE_CHAINS    ; ON             ; AUTO_CASCADE           ;
; IGNORE_CASCADE_BUFFERS ; OFF            ; IGNORE_CASCADE         ;
+------------------------+----------------+------------------------+
Note: In order to hide this table in the UI and the text report file, please set the "Show Parameter Settings in Synthesis Report" option in "Analysis and Synthesis Settings -> More Settings" to "Off".


+------------------------------------------------------------------+
; Parameter Settings for Inferred Entity Instance: lpm_divide:Mod0 ;
+------------------------+----------------+------------------------+
; Parameter Name         ; Value          ; Type                   ;
+------------------------+----------------+------------------------+
; LPM_WIDTHN             ; 13             ; Untyped                ;
; LPM_WIDTHD             ; 4              ; Untyped                ;
; LPM_NREPRESENTATION    ; UNSIGNED       ; Untyped                ;
; LPM_DREPRESENTATION    ; UNSIGNED       ; Untyped                ;
; LPM_PIPELINE           ; 0              ; Untyped                ;
; LPM_REMAINDERPOSITIVE  ; TRUE           ; Untyped                ;
; MAXIMIZE_SPEED         ; 5              ; Untyped                ;
; CBXI_PARAMETER         ; lpm_divide_2bm ; Untyped                ;
; CARRY_CHAIN            ; MANUAL         ; Untyped                ;
; OPTIMIZE_FOR_SPEED     ; 5              ; Untyped                ;
; AUTO_CARRY_CHAINS      ; ON             ; AUTO_CARRY             ;
; IGNORE_CARRY_BUFFERS   ; OFF            ; IGNORE_CARRY           ;
; AUTO_CASCADE_CHAINS    ; ON             ; AUTO_CASCADE           ;
; IGNORE_CASCADE_BUFFERS ; OFF            ; IGNORE_CASCADE         ;
+------------------------+----------------+------------------------+
Note: In order to hide this table in the UI and the text report file, please set the "Show Parameter Settings in Synthesis Report" option in "Analysis and Synthesis Settings -> More Settings" to "Off".


+-------------------------------------------------------------------------------------+
; Parameter Settings for Inferred Entity Instance: lpm_mult:Mult0                     ;
+------------------------------------------------+--------------+---------------------+
; Parameter Name                                 ; Value        ; Type                ;
+------------------------------------------------+--------------+---------------------+
; AUTO_CARRY_CHAINS                              ; ON           ; AUTO_CARRY          ;
; IGNORE_CARRY_BUFFERS                           ; OFF          ; IGNORE_CARRY        ;
; AUTO_CASCADE_CHAINS                            ; ON           ; AUTO_CASCADE        ;
; IGNORE_CASCADE_BUFFERS                         ; OFF          ; IGNORE_CASCADE      ;
; LPM_WIDTHA                                     ; 4            ; Untyped             ;
; LPM_WIDTHB                                     ; 7            ; Untyped             ;
; LPM_WIDTHP                                     ; 11           ; Untyped             ;
; LPM_WIDTHR                                     ; 11           ; Untyped             ;
; LPM_WIDTHS                                     ; 1            ; Untyped             ;
; LPM_REPRESENTATION                             ; UNSIGNED     ; Untyped             ;
; LPM_PIPELINE                                   ; 0            ; Untyped             ;
; LATENCY                                        ; 0            ; Untyped             ;
; INPUT_A_IS_CONSTANT                            ; NO           ; Untyped             ;
; INPUT_B_IS_CONSTANT                            ; YES          ; Untyped             ;
; USE_EAB                                        ; OFF          ; Untyped             ;
; MAXIMIZE_SPEED                                 ; 5            ; Untyped             ;
; DEVICE_FAMILY                                  ; Cyclone IV E ; Untyped             ;
; CARRY_CHAIN                                    ; MANUAL       ; Untyped             ;
; APEX20K_TECHNOLOGY_MAPPER                      ; LUT          ; TECH_MAPPER_APEX20K ;
; DEDICATED_MULTIPLIER_CIRCUITRY                 ; AUTO         ; Untyped             ;
; DEDICATED_MULTIPLIER_MIN_INPUT_WIDTH_FOR_AUTO  ; 0            ; Untyped             ;
; DEDICATED_MULTIPLIER_MIN_OUTPUT_WIDTH_FOR_AUTO ; 0            ; Untyped             ;
; CBXI_PARAMETER                                 ; NOTHING      ; Untyped             ;
; INPUT_A_FIXED_VALUE                            ; Bx           ; Untyped             ;
; INPUT_B_FIXED_VALUE                            ; Bx           ; Untyped             ;
; USE_AHDL_IMPLEMENTATION                        ; OFF          ; Untyped             ;
+------------------------------------------------+--------------+---------------------+
Note: In order to hide this table in the UI and the text report file, please set the "Show Parameter Settings in Synthesis Report" option in "Analysis and Synthesis Settings -> More Settings" to "Off".


+--------------------------------------------------------+
; lpm_mult Parameter Settings by Entity Instance         ;
+---------------------------------------+----------------+
; Name                                  ; Value          ;
+---------------------------------------+----------------+
; Number of entity instances            ; 1              ;
; Entity Instance                       ; lpm_mult:Mult0 ;
;     -- LPM_WIDTHA                     ; 4              ;
;     -- LPM_WIDTHB                     ; 7              ;
;     -- LPM_WIDTHP                     ; 11             ;
;     -- LPM_REPRESENTATION             ; UNSIGNED       ;
;     -- INPUT_A_IS_CONSTANT            ; NO             ;
;     -- INPUT_B_IS_CONSTANT            ; YES            ;
;     -- USE_EAB                        ; OFF            ;
;     -- DEDICATED_MULTIPLIER_CIRCUITRY ; AUTO           ;
;     -- INPUT_A_FIXED_VALUE            ; Bx             ;
;     -- INPUT_B_FIXED_VALUE            ; Bx             ;
+---------------------------------------+----------------+


+-----------------------------------------------------+
; Post-Synthesis Netlist Statistics for Top Partition ;
+-----------------------+-----------------------------+
; Type                  ; Count                       ;
+-----------------------+-----------------------------+
; boundary_port         ; 24                          ;
; cycloneiii_ff         ; 162                         ;
;     ENA               ; 40                          ;
;     ENA SCLR          ; 4                           ;
;     ENA SLD           ; 14                          ;
;     plain             ; 104                         ;
; cycloneiii_lcell_comb ; 805                         ;
;     arith             ; 237                         ;
;         1 data inputs ; 2                           ;
;         2 data inputs ; 62                          ;
;         3 data inputs ; 173                         ;
;     normal            ; 568                         ;
;         0 data inputs ; 46                          ;
;         1 data inputs ; 21                          ;
;         2 data inputs ; 256                         ;
;         3 data inputs ; 47                          ;
;         4 data inputs ; 198                         ;
;                       ;                             ;
; Max LUT depth         ; 35.40                       ;
; Average LUT depth     ; 22.03                       ;
+-----------------------+-----------------------------+


+-------------------------------+
; Elapsed Time Per Partition    ;
+----------------+--------------+
; Partition Name ; Elapsed Time ;
+----------------+--------------+
; Top            ; 00:00:02     ;
+----------------+--------------+


+-------------------------------+
; Analysis & Synthesis Messages ;
+-------------------------------+
Info: *******************************************************************
Info: Running Quartus Prime Analysis & Synthesis
    Info: Version 18.0.0 Build 614 04/24/2018 SJ Lite Edition
    Info: Processing started: Mon Sep 07 06:26:01 2020
Info: Command: quartus_map --read_settings_files=on --write_settings_files=off matchstickgame -c matchstickgame
Warning (18236): Number of processors has not been specified which may cause overloading on shared machines.  Set the global assignment NUM_PARALLEL_PROCESSORS in your QSF to an appropriate value for best performance.
Info (20030): Parallel compilation is enabled and will use 4 of the 4 processors detected
Info (12021): Found 1 design units, including 1 entities, in source file keypad_ex.v
    Info (12023): Found entity 1: keypad_ex File: C:/intelFPGA_lite/18.0/FPGACodes/matchstickgame/keypad_ex.v Line: 1
Info (12021): Found 1 design units, including 1 entities, in source file sevensegment.v
    Info (12023): Found entity 1: sevensegment File: C:/intelFPGA_lite/18.0/FPGACodes/matchstickgame/sevensegment.v Line: 1
Info (12021): Found 1 design units, including 1 entities, in source file main.v
    Info (12023): Found entity 1: main File: C:/intelFPGA_lite/18.0/FPGACodes/matchstickgame/main.v Line: 1
Info (12127): Elaborating entity "main" for the top level hierarchy
Warning (10230): Verilog HDL assignment warning at main.v(62): truncated value with size 32 to match size of target (16) File: C:/intelFPGA_lite/18.0/FPGACodes/matchstickgame/main.v Line: 62
Warning (10230): Verilog HDL assignment warning at main.v(67): truncated value with size 16 to match size of target (4) File: C:/intelFPGA_lite/18.0/FPGACodes/matchstickgame/main.v Line: 67
Warning (10230): Verilog HDL assignment warning at main.v(68): truncated value with size 16 to match size of target (4) File: C:/intelFPGA_lite/18.0/FPGACodes/matchstickgame/main.v Line: 68
Warning (10230): Verilog HDL assignment warning at main.v(111): truncated value with size 16 to match size of target (4) File: C:/intelFPGA_lite/18.0/FPGACodes/matchstickgame/main.v Line: 111
Warning (10230): Verilog HDL assignment warning at main.v(112): truncated value with size 16 to match size of target (4) File: C:/intelFPGA_lite/18.0/FPGACodes/matchstickgame/main.v Line: 112
Info (10264): Verilog HDL Case Statement information at main.v(48): all case item expressions in this case statement are onehot File: C:/intelFPGA_lite/18.0/FPGACodes/matchstickgame/main.v Line: 48
Info (12128): Elaborating entity "sevensegment" for hierarchy "sevensegment:ss1" File: C:/intelFPGA_lite/18.0/FPGACodes/matchstickgame/main.v Line: 25
Warning (10230): Verilog HDL assignment warning at sevensegment.v(15): truncated value with size 32 to match size of target (2) File: C:/intelFPGA_lite/18.0/FPGACodes/matchstickgame/sevensegment.v Line: 15
Warning (10230): Verilog HDL assignment warning at sevensegment.v(19): truncated value with size 32 to match size of target (26) File: C:/intelFPGA_lite/18.0/FPGACodes/matchstickgame/sevensegment.v Line: 19
Info (12128): Elaborating entity "keypad_ex" for hierarchy "keypad_ex:kp1" File: C:/intelFPGA_lite/18.0/FPGACodes/matchstickgame/main.v Line: 27
Warning (10230): Verilog HDL assignment warning at keypad_ex.v(22): truncated value with size 32 to match size of target (26) File: C:/intelFPGA_lite/18.0/FPGACodes/matchstickgame/keypad_ex.v Line: 22
Info (278001): Inferred 5 megafunctions from design logic
    Info (278004): Inferred divider/modulo megafunction ("lpm_divide") from the following logic: "Div0" File: C:/intelFPGA_lite/18.0/FPGACodes/matchstickgame/main.v Line: 68
    Info (278004): Inferred divider/modulo megafunction ("lpm_divide") from the following logic: "Div1" File: C:/intelFPGA_lite/18.0/FPGACodes/matchstickgame/main.v Line: 112
    Info (278004): Inferred divider/modulo megafunction ("lpm_divide") from the following logic: "Mod1" File: C:/intelFPGA_lite/18.0/FPGACodes/matchstickgame/main.v Line: 111
    Info (278004): Inferred divider/modulo megafunction ("lpm_divide") from the following logic: "Mod0" File: C:/intelFPGA_lite/18.0/FPGACodes/matchstickgame/main.v Line: 67
    Info (278003): Inferred multiplier megafunction ("lpm_mult") from the following logic: "Mult0" File: C:/intelFPGA_lite/18.0/FPGACodes/matchstickgame/main.v Line: 62
Info (12130): Elaborated megafunction instantiation "lpm_divide:Div0" File: C:/intelFPGA_lite/18.0/FPGACodes/matchstickgame/main.v Line: 68
Info (12133): Instantiated megafunction "lpm_divide:Div0" with the following parameter: File: C:/intelFPGA_lite/18.0/FPGACodes/matchstickgame/main.v Line: 68
    Info (12134): Parameter "LPM_WIDTHN" = "13"
    Info (12134): Parameter "LPM_WIDTHD" = "4"
    Info (12134): Parameter "LPM_NREPRESENTATION" = "UNSIGNED"
    Info (12134): Parameter "LPM_DREPRESENTATION" = "UNSIGNED"
Info (12021): Found 1 design units, including 1 entities, in source file db/lpm_divide_vim.tdf
    Info (12023): Found entity 1: lpm_divide_vim File: C:/intelFPGA_lite/18.0/FPGACodes/matchstickgame/db/lpm_divide_vim.tdf Line: 24
Info (12021): Found 1 design units, including 1 entities, in source file db/sign_div_unsign_nlh.tdf
    Info (12023): Found entity 1: sign_div_unsign_nlh File: C:/intelFPGA_lite/18.0/FPGACodes/matchstickgame/db/sign_div_unsign_nlh.tdf Line: 24
Info (12021): Found 1 design units, including 1 entities, in source file db/alt_u_div_27f.tdf
    Info (12023): Found entity 1: alt_u_div_27f File: C:/intelFPGA_lite/18.0/FPGACodes/matchstickgame/db/alt_u_div_27f.tdf Line: 26
Info (12021): Found 1 design units, including 1 entities, in source file db/add_sub_7pc.tdf
    Info (12023): Found entity 1: add_sub_7pc File: C:/intelFPGA_lite/18.0/FPGACodes/matchstickgame/db/add_sub_7pc.tdf Line: 22
Info (12021): Found 1 design units, including 1 entities, in source file db/add_sub_8pc.tdf
    Info (12023): Found entity 1: add_sub_8pc File: C:/intelFPGA_lite/18.0/FPGACodes/matchstickgame/db/add_sub_8pc.tdf Line: 22
Info (12130): Elaborated megafunction instantiation "lpm_divide:Div1" File: C:/intelFPGA_lite/18.0/FPGACodes/matchstickgame/main.v Line: 112
Info (12133): Instantiated megafunction "lpm_divide:Div1" with the following parameter: File: C:/intelFPGA_lite/18.0/FPGACodes/matchstickgame/main.v Line: 112
    Info (12134): Parameter "LPM_WIDTHN" = "16"
    Info (12134): Parameter "LPM_WIDTHD" = "4"
    Info (12134): Parameter "LPM_NREPRESENTATION" = "UNSIGNED"
    Info (12134): Parameter "LPM_DREPRESENTATION" = "UNSIGNED"
Info (12021): Found 1 design units, including 1 entities, in source file db/lpm_divide_3jm.tdf
    Info (12023): Found entity 1: lpm_divide_3jm File: C:/intelFPGA_lite/18.0/FPGACodes/matchstickgame/db/lpm_divide_3jm.tdf Line: 24
Info (12021): Found 1 design units, including 1 entities, in source file db/sign_div_unsign_qlh.tdf
    Info (12023): Found entity 1: sign_div_unsign_qlh File: C:/intelFPGA_lite/18.0/FPGACodes/matchstickgame/db/sign_div_unsign_qlh.tdf Line: 24
Info (12021): Found 1 design units, including 1 entities, in source file db/alt_u_div_87f.tdf
    Info (12023): Found entity 1: alt_u_div_87f File: C:/intelFPGA_lite/18.0/FPGACodes/matchstickgame/db/alt_u_div_87f.tdf Line: 26
Info (12130): Elaborated megafunction instantiation "lpm_divide:Mod1" File: C:/intelFPGA_lite/18.0/FPGACodes/matchstickgame/main.v Line: 111
Info (12133): Instantiated megafunction "lpm_divide:Mod1" with the following parameter: File: C:/intelFPGA_lite/18.0/FPGACodes/matchstickgame/main.v Line: 111
    Info (12134): Parameter "LPM_WIDTHN" = "16"
    Info (12134): Parameter "LPM_WIDTHD" = "4"
    Info (12134): Parameter "LPM_NREPRESENTATION" = "UNSIGNED"
    Info (12134): Parameter "LPM_DREPRESENTATION" = "UNSIGNED"
Info (12021): Found 1 design units, including 1 entities, in source file db/lpm_divide_5bm.tdf
    Info (12023): Found entity 1: lpm_divide_5bm File: C:/intelFPGA_lite/18.0/FPGACodes/matchstickgame/db/lpm_divide_5bm.tdf Line: 24
Info (12130): Elaborated megafunction instantiation "lpm_divide:Mod0" File: C:/intelFPGA_lite/18.0/FPGACodes/matchstickgame/main.v Line: 67
Info (12133): Instantiated megafunction "lpm_divide:Mod0" with the following parameter: File: C:/intelFPGA_lite/18.0/FPGACodes/matchstickgame/main.v Line: 67
    Info (12134): Parameter "LPM_WIDTHN" = "13"
    Info (12134): Parameter "LPM_WIDTHD" = "4"
    Info (12134): Parameter "LPM_NREPRESENTATION" = "UNSIGNED"
    Info (12134): Parameter "LPM_DREPRESENTATION" = "UNSIGNED"
Info (12021): Found 1 design units, including 1 entities, in source file db/lpm_divide_2bm.tdf
    Info (12023): Found entity 1: lpm_divide_2bm File: C:/intelFPGA_lite/18.0/FPGACodes/matchstickgame/db/lpm_divide_2bm.tdf Line: 24
Info (12130): Elaborated megafunction instantiation "lpm_mult:Mult0" File: C:/intelFPGA_lite/18.0/FPGACodes/matchstickgame/main.v Line: 62
Info (12133): Instantiated megafunction "lpm_mult:Mult0" with the following parameter: File: C:/intelFPGA_lite/18.0/FPGACodes/matchstickgame/main.v Line: 62
    Info (12134): Parameter "LPM_WIDTHA" = "4"
    Info (12134): Parameter "LPM_WIDTHB" = "7"
    Info (12134): Parameter "LPM_WIDTHP" = "11"
    Info (12134): Parameter "LPM_WIDTHR" = "11"
    Info (12134): Parameter "LPM_WIDTHS" = "1"
    Info (12134): Parameter "LPM_REPRESENTATION" = "UNSIGNED"
    Info (12134): Parameter "INPUT_A_IS_CONSTANT" = "NO"
    Info (12134): Parameter "INPUT_B_IS_CONSTANT" = "YES"
    Info (12134): Parameter "MAXIMIZE_SPEED" = "5"
Info (12131): Elaborated megafunction instantiation "lpm_mult:Mult0|multcore:mult_core", which is child of megafunction instantiation "lpm_mult:Mult0" File: c:/intelfpga_lite/18.0/quartus/libraries/megafunctions/lpm_mult.tdf Line: 308
Info (12131): Elaborated megafunction instantiation "lpm_mult:Mult0|multcore:mult_core|mpar_add:padder", which is child of megafunction instantiation "lpm_mult:Mult0" File: c:/intelfpga_lite/18.0/quartus/libraries/megafunctions/multcore.tdf Line: 228
Info (12131): Elaborated megafunction instantiation "lpm_mult:Mult0|altshift:external_latency_ffs", which is child of megafunction instantiation "lpm_mult:Mult0" File: c:/intelfpga_lite/18.0/quartus/libraries/megafunctions/lpm_mult.tdf Line: 351
Info (286030): Timing-Driven Synthesis is running
Info (17049): 22 registers lost all their fanouts during netlist optimizations.
Info (144001): Generated suppressed messages file C:/intelFPGA_lite/18.0/FPGACodes/matchstickgame/output_files/matchstickgame.map.smsg
Info (16010): Generating hard_block partition "hard_block:auto_generated_inst"
    Info (16011): Adding 0 node(s), including 0 DDIO, 0 PLL, 0 transceiver and 0 LCELL
Info (21057): Implemented 904 device resources after synthesis - the final resource count might be different
    Info (21058): Implemented 5 input pins
    Info (21059): Implemented 19 output pins
    Info (21061): Implemented 880 logic cells
Info: Quartus Prime Analysis & Synthesis was successful. 0 errors, 9 warnings
    Info: Peak virtual memory: 4804 megabytes
    Info: Processing ended: Mon Sep 07 06:26:16 2020
    Info: Elapsed time: 00:00:15
    Info: Total CPU time (on all processors): 00:00:31


+------------------------------------------+
; Analysis & Synthesis Suppressed Messages ;
+------------------------------------------+
The suppressed messages can be found in C:/intelFPGA_lite/18.0/FPGACodes/matchstickgame/output_files/matchstickgame.map.smsg.


